ERROR  : 18:34:22: ERROR:  syntax error at or near "\"
LINE 5: \connect postgres
        ^
ERROR  : 18:34:35: ERROR:  syntax error at or near "\"
LINE 5: \\connect postgres
        ^
ERROR  : 18:34:59: ERROR:  syntax error at or near "\"
LINE 96: \connect "BD1"
         ^
ERROR  : 12:26:30: Error: ERROR:  function pg_last_xlog_receive_location() does not exist
LINHA 1: ...E NULL END as inrecovery, CASE WHEN usesuper THEN pg_last_xl...
                                                              ^
DICA:  No function matches the given name and argument types. You might need to add explicit type casts.
ERROR  : 12:26:31: Error: Column not found in pgSet: usecreatedb
ERROR  : 12:48:30: Error: Error connecting to the server: FATAL:  autenticação do tipo password falhou para usuário "postgres"
FATAL:  autenticação do tipo password falhou para usuário "postgres"
senha obtida do arquivo "/home/geneses/.pgpass"

ERROR  : 00:43:49: Error: FATAL:  terminating connection due to administrator command
servidor fechou a conexão inesperadamente
	Isto provavelmente significa que o servidor terminou de forma anormal
	antes ou durante o processamento do pedido.
ERROR  : 01:53:09: Error: Error connecting to the server: FATAL:  password authentication failed for user "postgres"
FATAL:  password authentication failed for user "postgres"

ERROR  : 01:53:15: Error: Error connecting to the server: FATAL:  password authentication failed for user "postgres"
FATAL:  password authentication failed for user "postgres"

ERROR  : 01:53:48: Error: Error connecting to the server: FATAL:  password authentication failed for user "postgres"
FATAL:  password authentication failed for user "postgres"

ERROR  : 01:56:17: ERROR:  syntax error at or near "12345678911"
LINHA 732: 12345678911 Geneses jequie e10adc3949ba59abbe56e057f20f883e ...
           ^
ERROR  : 01:56:26: ERROR:  syntax error at or near "12345678911"
LINHA 732: 12345678911 Geneses jequie e10adc3949ba59abbe56e057f20f883e ...
           ^
ERROR  : 13:17:46: ERROR:  syntax error at or near "\"
LINHA 1: select length(trim(nome,\t)) from users;
                                 ^
ERROR  : 13:20:48: ERROR:  function replace(character varying, unknown) does not exist
LINHA 1: select trim(replace(nome,'\t'))from users;
                     ^
DICA:  No function matches the given name and argument types. You might need to add explicit type casts.
ERROR  : 13:20:59: ERROR:  function ascii_char(integer) does not exist
LINHA 1: select trim(replace(nome,ascii_char(9),''))from users;
                                  ^
DICA:  No function matches the given name and argument types. You might need to add explicit type casts.
ERROR  : 13:21:14: ERROR:  function replace(character varying, unknown) does not exist
LINHA 1: select trim(replace(nome,'\t'))from users;
                     ^
DICA:  No function matches the given name and argument types. You might need to add explicit type casts.
ERROR  : 22:09:30: Error: Error connecting to the server: não pôde conectar ao servidor: Conexão recusada
	O servidor está executando na máquina "192.168.0.106" e aceitando
	conexões TCP/IP na porta 5432?

ERROR  : 22:10:06: Error: Error connecting to the server: não pôde conectar ao servidor: Conexão recusada
	O servidor está executando na máquina "192.168.0.106" e aceitando
	conexões TCP/IP na porta 5432?

ERROR  : 22:16:45: Error: Error connecting to the server: não pôde conectar ao servidor: Conexão recusada
	O servidor está executando na máquina "192.168.0.106" e aceitando
	conexões TCP/IP na porta 5432?

